<?xml version="1.0" encoding="UTF-8"?>
<testsuite xmlns:xsi="http://www.w3.org/2001/XMLSchema-instance" xsi:noNamespaceSchemaLocation="https://maven.apache.org/surefire/maven-surefire-plugin/xsd/surefire-test-report.xsd" name="TestSuite" time="4.379" tests="1" errors="0" skipped="0" failures="0">
  <properties>
    <property name="gopherProxySet" value="false"/>
    <property name="awt.toolkit" value="sun.lwawt.macosx.LWCToolkit"/>
    <property name="java.specification.version" value="11"/>
    <property name="sun.cpu.isalist" value=""/>
    <property name="sun.jnu.encoding" value="UTF-8"/>
    <property name="java.class.path" value="/Users/rishabhrastogi/Documents/Java_Practice/ApiDatabaseTestFramework/target/test-classes:/Users/rishabhrastogi/Documents/Java_Practice/ApiDatabaseTestFramework/target/classes:/Users/rishabhrastogi/.m2/repository/org/testng/testng/7.1.0/testng-7.1.0.jar:/Users/rishabhrastogi/.m2/repository/com/beust/jcommander/1.72/jcommander-1.72.jar:/Users/rishabhrastogi/.m2/repository/com/google/inject/guice/4.1.0/guice-4.1.0-no_aop.jar:/Users/rishabhrastogi/.m2/repository/javax/inject/javax.inject/1/javax.inject-1.jar:/Users/rishabhrastogi/.m2/repository/aopalliance/aopalliance/1.0/aopalliance-1.0.jar:/Users/rishabhrastogi/.m2/repository/com/google/guava/guava/19.0/guava-19.0.jar:/Users/rishabhrastogi/.m2/repository/org/yaml/snakeyaml/1.21/snakeyaml-1.21.jar:/Users/rishabhrastogi/.m2/repository/io/rest-assured/rest-assured/4.3.1/rest-assured-4.3.1.jar:/Users/rishabhrastogi/.m2/repository/org/codehaus/groovy/groovy/3.0.3/groovy-3.0.3.jar:/Users/rishabhrastogi/.m2/repository/org/codehaus/groovy/groovy-xml/3.0.3/groovy-xml-3.0.3.jar:/Users/rishabhrastogi/.m2/repository/org/apache/httpcomponents/httpclient/4.5.3/httpclient-4.5.3.jar:/Users/rishabhrastogi/.m2/repository/org/apache/httpcomponents/httpcore/4.4.6/httpcore-4.4.6.jar:/Users/rishabhrastogi/.m2/repository/commons-logging/commons-logging/1.2/commons-logging-1.2.jar:/Users/rishabhrastogi/.m2/repository/commons-codec/commons-codec/1.9/commons-codec-1.9.jar:/Users/rishabhrastogi/.m2/repository/org/apache/httpcomponents/httpmime/4.5.3/httpmime-4.5.3.jar:/Users/rishabhrastogi/.m2/repository/org/hamcrest/hamcrest/2.1/hamcrest-2.1.jar:/Users/rishabhrastogi/.m2/repository/org/ccil/cowan/tagsoup/tagsoup/1.2.1/tagsoup-1.2.1.jar:/Users/rishabhrastogi/.m2/repository/io/rest-assured/json-path/4.3.1/json-path-4.3.1.jar:/Users/rishabhrastogi/.m2/repository/org/codehaus/groovy/groovy-json/3.0.3/groovy-json-3.0.3.jar:/Users/rishabhrastogi/.m2/repository/io/rest-assured/rest-assured-common/4.3.1/rest-assured-common-4.3.1.jar:/Users/rishabhrastogi/.m2/repository/io/rest-assured/xml-path/4.3.1/xml-path-4.3.1.jar:/Users/rishabhrastogi/.m2/repository/org/apache/commons/commons-lang3/3.4/commons-lang3-3.4.jar:/Users/rishabhrastogi/.m2/repository/jakarta/xml/bind/jakarta.xml.bind-api/2.3.3/jakarta.xml.bind-api-2.3.3.jar:/Users/rishabhrastogi/.m2/repository/jakarta/activation/jakarta.activation-api/1.2.2/jakarta.activation-api-1.2.2.jar:/Users/rishabhrastogi/.m2/repository/com/sun/xml/bind/jaxb-impl/2.3.3/jaxb-impl-2.3.3.jar:/Users/rishabhrastogi/.m2/repository/mysql/mysql-connector-java/8.0.20/mysql-connector-java-8.0.20.jar:/Users/rishabhrastogi/.m2/repository/com/google/protobuf/protobuf-java/3.6.1/protobuf-java-3.6.1.jar:/Users/rishabhrastogi/.m2/repository/com/aventstack/extentreports/4.1.7/extentreports-4.1.7.jar:/Users/rishabhrastogi/.m2/repository/org/freemarker/freemarker/2.3.29/freemarker-2.3.29.jar:/Users/rishabhrastogi/.m2/repository/com/google/code/gson/gson/2.8.6/gson-2.8.6.jar:/Users/rishabhrastogi/.m2/repository/org/mongodb/mongodb-driver/3.12.0/mongodb-driver-3.12.0.jar:/Users/rishabhrastogi/.m2/repository/org/mongodb/mongodb-driver-core/3.12.0/mongodb-driver-core-3.12.0.jar:/Users/rishabhrastogi/.m2/repository/org/mongodb/bson/3.12.0/bson-3.12.0.jar:"/>
    <property name="java.vm.vendor" value="Oracle Corporation"/>
    <property name="sun.arch.data.model" value="64"/>
    <property name="java.vendor.url" value="http://java.oracle.com/"/>
    <property name="user.timezone" value=""/>
    <property name="java.vm.specification.version" value="11"/>
    <property name="os.name" value="Mac OS X"/>
    <property name="sun.java.launcher" value="SUN_STANDARD"/>
    <property name="user.country" value="US"/>
    <property name="sun.boot.library.path" value="/Library/Java/JavaVirtualMachines/jdk-11.0.1.jdk/Contents/Home/lib"/>
    <property name="sun.java.command" value="/Users/rishabhrastogi/Documents/Java_Practice/ApiDatabaseTestFramework/target/surefire/surefirebooter3411698321872985183.jar /Users/rishabhrastogi/Documents/Java_Practice/ApiDatabaseTestFramework/target/surefire 2020-07-13T16-57-42_874-jvmRun1 surefire14031337285420650083tmp surefire_011733056692457353068tmp"/>
    <property name="http.nonProxyHosts" value="local|*.local|169.254/16|*.169.254/16"/>
    <property name="jdk.debug" value="release"/>
    <property name="surefire.test.class.path" value="/Users/rishabhrastogi/Documents/Java_Practice/ApiDatabaseTestFramework/target/test-classes:/Users/rishabhrastogi/Documents/Java_Practice/ApiDatabaseTestFramework/target/classes:/Users/rishabhrastogi/.m2/repository/org/testng/testng/7.1.0/testng-7.1.0.jar:/Users/rishabhrastogi/.m2/repository/com/beust/jcommander/1.72/jcommander-1.72.jar:/Users/rishabhrastogi/.m2/repository/com/google/inject/guice/4.1.0/guice-4.1.0-no_aop.jar:/Users/rishabhrastogi/.m2/repository/javax/inject/javax.inject/1/javax.inject-1.jar:/Users/rishabhrastogi/.m2/repository/aopalliance/aopalliance/1.0/aopalliance-1.0.jar:/Users/rishabhrastogi/.m2/repository/com/google/guava/guava/19.0/guava-19.0.jar:/Users/rishabhrastogi/.m2/repository/org/yaml/snakeyaml/1.21/snakeyaml-1.21.jar:/Users/rishabhrastogi/.m2/repository/io/rest-assured/rest-assured/4.3.1/rest-assured-4.3.1.jar:/Users/rishabhrastogi/.m2/repository/org/codehaus/groovy/groovy/3.0.3/groovy-3.0.3.jar:/Users/rishabhrastogi/.m2/repository/org/codehaus/groovy/groovy-xml/3.0.3/groovy-xml-3.0.3.jar:/Users/rishabhrastogi/.m2/repository/org/apache/httpcomponents/httpclient/4.5.3/httpclient-4.5.3.jar:/Users/rishabhrastogi/.m2/repository/org/apache/httpcomponents/httpcore/4.4.6/httpcore-4.4.6.jar:/Users/rishabhrastogi/.m2/repository/commons-logging/commons-logging/1.2/commons-logging-1.2.jar:/Users/rishabhrastogi/.m2/repository/commons-codec/commons-codec/1.9/commons-codec-1.9.jar:/Users/rishabhrastogi/.m2/repository/org/apache/httpcomponents/httpmime/4.5.3/httpmime-4.5.3.jar:/Users/rishabhrastogi/.m2/repository/org/hamcrest/hamcrest/2.1/hamcrest-2.1.jar:/Users/rishabhrastogi/.m2/repository/org/ccil/cowan/tagsoup/tagsoup/1.2.1/tagsoup-1.2.1.jar:/Users/rishabhrastogi/.m2/repository/io/rest-assured/json-path/4.3.1/json-path-4.3.1.jar:/Users/rishabhrastogi/.m2/repository/org/codehaus/groovy/groovy-json/3.0.3/groovy-json-3.0.3.jar:/Users/rishabhrastogi/.m2/repository/io/rest-assured/rest-assured-common/4.3.1/rest-assured-common-4.3.1.jar:/Users/rishabhrastogi/.m2/repository/io/rest-assured/xml-path/4.3.1/xml-path-4.3.1.jar:/Users/rishabhrastogi/.m2/repository/org/apache/commons/commons-lang3/3.4/commons-lang3-3.4.jar:/Users/rishabhrastogi/.m2/repository/jakarta/xml/bind/jakarta.xml.bind-api/2.3.3/jakarta.xml.bind-api-2.3.3.jar:/Users/rishabhrastogi/.m2/repository/jakarta/activation/jakarta.activation-api/1.2.2/jakarta.activation-api-1.2.2.jar:/Users/rishabhrastogi/.m2/repository/com/sun/xml/bind/jaxb-impl/2.3.3/jaxb-impl-2.3.3.jar:/Users/rishabhrastogi/.m2/repository/mysql/mysql-connector-java/8.0.20/mysql-connector-java-8.0.20.jar:/Users/rishabhrastogi/.m2/repository/com/google/protobuf/protobuf-java/3.6.1/protobuf-java-3.6.1.jar:/Users/rishabhrastogi/.m2/repository/com/aventstack/extentreports/4.1.7/extentreports-4.1.7.jar:/Users/rishabhrastogi/.m2/repository/org/freemarker/freemarker/2.3.29/freemarker-2.3.29.jar:/Users/rishabhrastogi/.m2/repository/com/google/code/gson/gson/2.8.6/gson-2.8.6.jar:/Users/rishabhrastogi/.m2/repository/org/mongodb/mongodb-driver/3.12.0/mongodb-driver-3.12.0.jar:/Users/rishabhrastogi/.m2/repository/org/mongodb/mongodb-driver-core/3.12.0/mongodb-driver-core-3.12.0.jar:/Users/rishabhrastogi/.m2/repository/org/mongodb/bson/3.12.0/bson-3.12.0.jar:"/>
    <property name="sun.cpu.endian" value="little"/>
    <property name="user.home" value="/Users/rishabhrastogi"/>
    <property name="user.language" value="en"/>
    <property name="java.specification.vendor" value="Oracle Corporation"/>
    <property name="java.version.date" value="2018-10-16"/>
    <property name="java.home" value="/Library/Java/JavaVirtualMachines/jdk-11.0.1.jdk/Contents/Home"/>
    <property name="file.separator" value="/"/>
    <property name="basedir" value="/Users/rishabhrastogi/Documents/Java_Practice/ApiDatabaseTestFramework"/>
    <property name="java.vm.compressedOopsMode" value="Zero based"/>
    <property name="line.separator" value="&#10;"/>
    <property name="java.specification.name" value="Java Platform API Specification"/>
    <property name="java.vm.specification.vendor" value="Oracle Corporation"/>
    <property name="java.awt.graphicsenv" value="sun.awt.CGraphicsEnvironment"/>
    <property name="surefire.real.class.path" value="/Users/rishabhrastogi/Documents/Java_Practice/ApiDatabaseTestFramework/target/surefire/surefirebooter3411698321872985183.jar"/>
    <property name="sun.management.compiler" value="HotSpot 64-Bit Tiered Compilers"/>
    <property name="ftp.nonProxyHosts" value="local|*.local|169.254/16|*.169.254/16"/>
    <property name="java.runtime.version" value="11.0.1+13-LTS"/>
    <property name="user.name" value="rishabhrastogi"/>
    <property name="path.separator" value=":"/>
    <property name="os.version" value="10.13.6"/>
    <property name="java.runtime.name" value="Java(TM) SE Runtime Environment"/>
    <property name="file.encoding" value="UTF-8"/>
    <property name="java.vm.name" value="Java HotSpot(TM) 64-Bit Server VM"/>
    <property name="java.vendor.version" value="18.9"/>
    <property name="localRepository" value="/Users/rishabhrastogi/.m2/repository"/>
    <property name="java.vendor.url.bug" value="http://bugreport.java.com/bugreport/"/>
    <property name="java.io.tmpdir" value="/var/folders/ly/3qh0tjc95wz57zx2lv8d_zzw0000gp/T/"/>
    <property name="java.version" value="11.0.1"/>
    <property name="user.dir" value="/Users/rishabhrastogi/Documents/Java_Practice/ApiDatabaseTestFramework"/>
    <property name="os.arch" value="x86_64"/>
    <property name="java.vm.specification.name" value="Java Virtual Machine Specification"/>
    <property name="java.awt.printerjob" value="sun.lwawt.macosx.CPrinterJob"/>
    <property name="sun.os.patch.level" value="unknown"/>
    <property name="java.library.path" value="/Users/rishabhrastogi/Library/Java/Extensions:/Library/Java/Extensions:/Network/Library/Java/Extensions:/System/Library/Java/Extensions:/usr/lib/java:."/>
    <property name="java.vendor" value="Oracle Corporation"/>
    <property name="java.vm.info" value="mixed mode"/>
    <property name="java.vm.version" value="11.0.1+13-LTS"/>
    <property name="sun.io.unicode.encoding" value="UnicodeBig"/>
    <property name="java.class.version" value="55.0"/>
    <property name="socksNonProxyHosts" value="local|*.local|169.254/16|*.169.254/16"/>
  </properties>
  <testcase name="TC01" classname="com.qa.tests.DataCompareTests" time="3.364"/>
</testsuite>