<?xml version="1.0" encoding="UTF-8"?>
<!-- Generated by org.testng.reporters.JUnitReportReporter -->
<testsuite hostname="noi-rishabhrastogi-mac.local" failures="0" tests="1" name="com.qa.tests.DataCompareTests" time="3.703" errors="0" timestamp="2020-07-13T16:57:47 IST" skipped="0">
  <testcase classname="com.qa.tests.DataCompareTests" name="TC01" time="3.703"/>
  <system-out/>
</testsuite> <!-- com.qa.tests.DataCompareTests -->
